[debug] [2022-10-09T21:45:35.482Z] ----------------------------------------------------------------------
[debug] [2022-10-09T21:45:35.483Z] Command:       /usr/local/bin/node /usr/local/bin/firebase init
[debug] [2022-10-09T21:45:35.483Z] CLI Version:   11.14.1
[debug] [2022-10-09T21:45:35.483Z] Platform:      darwin
[debug] [2022-10-09T21:45:35.483Z] Node Version:  v16.15.0
[debug] [2022-10-09T21:45:35.484Z] Time:          Sun Oct 09 2022 22:45:35 GMT+0100 (British Summer Time)
[debug] [2022-10-09T21:45:35.484Z] ----------------------------------------------------------------------
[debug] 
[debug] [2022-10-09T21:45:35.486Z] > command requires scopes: ["email","openid","https://www.googleapis.com/auth/cloudplatformprojects.readonly","https://www.googleapis.com/auth/firebase","https://www.googleapis.com/auth/cloud-platform"]
[debug] [2022-10-09T21:45:35.486Z] > authorizing via signed-in user (valyndsilva@gmail.com)
[info] 
     ######## #### ########  ######## ########     ###     ######  ########
     ##        ##  ##     ## ##       ##     ##  ##   ##  ##       ##
     ######    ##  ########  ######   ########  #########  ######  ######
     ##        ##  ##    ##  ##       ##     ## ##     ##       ## ##
     ##       #### ##     ## ######## ########  ##     ##  ######  ########

You're about to initialize a Firebase project in this directory:

  /Users/vmd/Documents/Local Sites/portfolio

[info] 
=== Project Setup
[info] 
[info] First, let's associate this project directory with a Firebase project.
[info] You can create multiple project aliases by running firebase use --add, 
[info] but for now we'll just set up a default project.
[info] 
[debug] [2022-10-09T21:45:48.942Z] > refreshing access token with scopes: []
[debug] [2022-10-09T21:45:48.945Z] >>> [apiv2][query] POST https://www.googleapis.com/oauth2/v3/token [none]
[debug] [2022-10-09T21:45:48.946Z] >>> [apiv2][body] POST https://www.googleapis.com/oauth2/v3/token [omitted]
[debug] [2022-10-09T21:45:49.089Z] <<< [apiv2][status] POST https://www.googleapis.com/oauth2/v3/token 400
[debug] [2022-10-09T21:45:49.089Z] <<< [apiv2][body] POST https://www.googleapis.com/oauth2/v3/token [omitted]
[debug] [2022-10-09T21:45:49.090Z] >>> [apiv2][query] GET https://firebase.googleapis.com/v1beta1/projects pageSize=100
[debug] [2022-10-09T21:45:49.224Z] <<< [apiv2][status] GET https://firebase.googleapis.com/v1beta1/projects 401
[debug] [2022-10-09T21:45:49.224Z] <<< [apiv2][body] GET https://firebase.googleapis.com/v1beta1/projects [omitted]
[debug] [2022-10-09T21:45:49.225Z] HTTP Error: 401, Request had invalid authentication credentials. Expected OAuth 2 access token, login cookie or other valid authentication credential. See https://developers.google.com/identity/sign-in/web/devconsole-project.
[debug] [2022-10-09T21:45:49.314Z] FirebaseError: HTTP Error: 401, Request had invalid authentication credentials. Expected OAuth 2 access token, login cookie or other valid authentication credential. See https://developers.google.com/identity/sign-in/web/devconsole-project.
    at responseToError (/usr/local/lib/node_modules/firebase-tools/lib/responseToError.js:49:12)
    at RetryOperation._fn (/usr/local/lib/node_modules/firebase-tools/lib/apiv2.js:288:77)
    at processTicksAndRejections (node:internal/process/task_queues:96:5)
[error] 
[error] Error: Failed to list Firebase projects. See firebase-debug.log for more info.
[debug] [2022-10-09T21:45:55.631Z] ----------------------------------------------------------------------
[debug] [2022-10-09T21:45:55.632Z] Command:       /usr/local/bin/node /usr/local/bin/firebase init
[debug] [2022-10-09T21:45:55.632Z] CLI Version:   11.14.1
[debug] [2022-10-09T21:45:55.632Z] Platform:      darwin
[debug] [2022-10-09T21:45:55.632Z] Node Version:  v16.15.0
[debug] [2022-10-09T21:45:55.633Z] Time:          Sun Oct 09 2022 22:45:55 GMT+0100 (British Summer Time)
[debug] [2022-10-09T21:45:55.633Z] ----------------------------------------------------------------------
[debug] 
[debug] [2022-10-09T21:45:55.636Z] > command requires scopes: ["email","openid","https://www.googleapis.com/auth/cloudplatformprojects.readonly","https://www.googleapis.com/auth/firebase","https://www.googleapis.com/auth/cloud-platform"]
[debug] [2022-10-09T21:45:55.636Z] > authorizing via signed-in user (valyndsilva@gmail.com)
[info] 
     ######## #### ########  ######## ########     ###     ######  ########
     ##        ##  ##     ## ##       ##     ##  ##   ##  ##       ##
     ######    ##  ########  ######   ########  #########  ######  ######
     ##        ##  ##    ##  ##       ##     ## ##     ##       ## ##
     ##       #### ##     ## ######## ########  ##     ##  ######  ########

You're about to initialize a Firebase project in this directory:

  /Users/vmd/Documents/Local Sites/portfolio

[info] 
=== Project Setup
[info] 
[info] First, let's associate this project directory with a Firebase project.
[info] You can create multiple project aliases by running firebase use --add, 
[info] but for now we'll just set up a default project.
[info] 
[debug] [2022-10-09T21:46:19.070Z] > refreshing access token with scopes: []
[debug] [2022-10-09T21:46:19.072Z] >>> [apiv2][query] POST https://www.googleapis.com/oauth2/v3/token [none]
[debug] [2022-10-09T21:46:19.073Z] >>> [apiv2][body] POST https://www.googleapis.com/oauth2/v3/token [omitted]
[debug] [2022-10-09T21:46:19.207Z] <<< [apiv2][status] POST https://www.googleapis.com/oauth2/v3/token 400
[debug] [2022-10-09T21:46:19.207Z] <<< [apiv2][body] POST https://www.googleapis.com/oauth2/v3/token [omitted]
[debug] [2022-10-09T21:46:19.208Z] >>> [apiv2][query] GET https://firebase.googleapis.com/v1beta1/projects pageSize=100
[debug] [2022-10-09T21:46:19.308Z] <<< [apiv2][status] GET https://firebase.googleapis.com/v1beta1/projects 401
[debug] [2022-10-09T21:46:19.308Z] <<< [apiv2][body] GET https://firebase.googleapis.com/v1beta1/projects [omitted]
[debug] [2022-10-09T21:46:19.309Z] HTTP Error: 401, Request had invalid authentication credentials. Expected OAuth 2 access token, login cookie or other valid authentication credential. See https://developers.google.com/identity/sign-in/web/devconsole-project.
[debug] [2022-10-09T21:46:19.398Z] FirebaseError: HTTP Error: 401, Request had invalid authentication credentials. Expected OAuth 2 access token, login cookie or other valid authentication credential. See https://developers.google.com/identity/sign-in/web/devconsole-project.
    at responseToError (/usr/local/lib/node_modules/firebase-tools/lib/responseToError.js:49:12)
    at RetryOperation._fn (/usr/local/lib/node_modules/firebase-tools/lib/apiv2.js:288:77)
    at processTicksAndRejections (node:internal/process/task_queues:96:5)
[error] 
[error] Error: Failed to list Firebase projects. See firebase-debug.log for more info.
[debug] [2022-10-09T21:46:25.583Z] ----------------------------------------------------------------------
[debug] [2022-10-09T21:46:25.583Z] Command:       /usr/local/bin/node /usr/local/bin/firebase init
[debug] [2022-10-09T21:46:25.584Z] CLI Version:   11.14.1
[debug] [2022-10-09T21:46:25.584Z] Platform:      darwin
[debug] [2022-10-09T21:46:25.584Z] Node Version:  v16.15.0
[debug] [2022-10-09T21:46:25.584Z] Time:          Sun Oct 09 2022 22:46:25 GMT+0100 (British Summer Time)
[debug] [2022-10-09T21:46:25.585Z] ----------------------------------------------------------------------
[debug] 
[debug] [2022-10-09T21:46:25.587Z] > command requires scopes: ["email","openid","https://www.googleapis.com/auth/cloudplatformprojects.readonly","https://www.googleapis.com/auth/firebase","https://www.googleapis.com/auth/cloud-platform"]
[debug] [2022-10-09T21:46:25.587Z] > authorizing via signed-in user (valyndsilva@gmail.com)
[info] 
     ######## #### ########  ######## ########     ###     ######  ########
     ##        ##  ##     ## ##       ##     ##  ##   ##  ##       ##
     ######    ##  ########  ######   ########  #########  ######  ######
     ##        ##  ##    ##  ##       ##     ## ##     ##       ## ##
     ##       #### ##     ## ######## ########  ##     ##  ######  ########

You're about to initialize a Firebase project in this directory:

  /Users/vmd/Documents/Local Sites/portfolio

[info] 
=== Project Setup
[info] 
[info] First, let's associate this project directory with a Firebase project.
[info] You can create multiple project aliases by running firebase use --add, 
[info] but for now we'll just set up a default project.
[info] 
[debug] [2022-10-09T21:46:29.621Z] > refreshing access token with scopes: []
[debug] [2022-10-09T21:46:29.624Z] >>> [apiv2][query] POST https://www.googleapis.com/oauth2/v3/token [none]
[debug] [2022-10-09T21:46:29.624Z] >>> [apiv2][body] POST https://www.googleapis.com/oauth2/v3/token [omitted]
[debug] [2022-10-09T21:46:29.756Z] <<< [apiv2][status] POST https://www.googleapis.com/oauth2/v3/token 400
[debug] [2022-10-09T21:46:29.756Z] <<< [apiv2][body] POST https://www.googleapis.com/oauth2/v3/token [omitted]
[debug] [2022-10-09T21:46:29.757Z] >>> [apiv2][query] GET https://firebase.googleapis.com/v1beta1/projects pageSize=100
[debug] [2022-10-09T21:46:29.849Z] <<< [apiv2][status] GET https://firebase.googleapis.com/v1beta1/projects 401
[debug] [2022-10-09T21:46:29.849Z] <<< [apiv2][body] GET https://firebase.googleapis.com/v1beta1/projects [omitted]
[debug] [2022-10-09T21:46:29.850Z] HTTP Error: 401, Request had invalid authentication credentials. Expected OAuth 2 access token, login cookie or other valid authentication credential. See https://developers.google.com/identity/sign-in/web/devconsole-project.
[debug] [2022-10-09T21:46:29.936Z] FirebaseError: HTTP Error: 401, Request had invalid authentication credentials. Expected OAuth 2 access token, login cookie or other valid authentication credential. See https://developers.google.com/identity/sign-in/web/devconsole-project.
    at responseToError (/usr/local/lib/node_modules/firebase-tools/lib/responseToError.js:49:12)
    at RetryOperation._fn (/usr/local/lib/node_modules/firebase-tools/lib/apiv2.js:288:77)
    at processTicksAndRejections (node:internal/process/task_queues:96:5)
[error] 
[error] Error: Failed to list Firebase projects. See firebase-debug.log for more info.
